<?xml version="1.0" encoding="UTF-8"?>
<testsuite name="HappyNumberTest" tests="1" skipped="0" failures="0" errors="0" timestamp="2020-04-05T12:50:40" hostname="MacPro2019.local" time="0.012">
  <properties/>
  <testcase name="isHappy()" classname="HappyNumberTest" time="0.012"/>
  <system-out><![CDATA[]]></system-out>
  <system-err><![CDATA[]]></system-err>
</testsuite>
